  [1m[35m (8.6ms)[0m  [1m[34mSELECT sqlite_version(*)[0m
  [1m[35m (0.1ms)[0m  [1m[34mSELECT sqlite_version(*)[0m
  [1m[35m (1.2ms)[0m  [1m[34mSELECT sqlite_version(*)[0m
  [1m[35m (19.3ms)[0m  [1m[35mCREATE TABLE "schema_migrations" ("version" varchar NOT NULL PRIMARY KEY)[0m
  [1m[35m (15.0ms)[0m  [1m[35mCREATE TABLE "ar_internal_metadata" ("key" varchar NOT NULL PRIMARY KEY, "value" varchar, "created_at" datetime(6) NOT NULL, "updated_at" datetime(6) NOT NULL)[0m
  [1m[35m (4.2ms)[0m  [1m[34mSELECT "schema_migrations"."version" FROM "schema_migrations" ORDER BY "schema_migrations"."version" ASC[0m
Migrating to CreateUsers (20210617182131)
  [1m[36mTRANSACTION (0.1ms)[0m  [1m[36mbegin transaction[0m
  [1m[35m (1.9ms)[0m  [1m[35mCREATE TABLE "users" ("id" integer PRIMARY KEY AUTOINCREMENT NOT NULL, "name" varchar, "email" varchar, "role" varchar, "password_digest" varchar, "created_at" datetime(6) NOT NULL, "updated_at" datetime(6) NOT NULL)[0m
  [1m[36mActiveRecord::SchemaMigration Create (0.4ms)[0m  [1m[32mINSERT INTO "schema_migrations" ("version") VALUES (?)[0m  [["version", "20210617182131"]]
  [1m[36mTRANSACTION (15.2ms)[0m  [1m[36mcommit transaction[0m
  [1m[36mActiveRecord::InternalMetadata Load (0.4ms)[0m  [1m[34mSELECT "ar_internal_metadata".* FROM "ar_internal_metadata" WHERE "ar_internal_metadata"."key" = ? LIMIT ?[0m  [["key", "environment"], ["LIMIT", 1]]
  [1m[36mTRANSACTION (0.3ms)[0m  [1m[36mbegin transaction[0m
  [1m[36mActiveRecord::InternalMetadata Create (2.0ms)[0m  [1m[32mINSERT INTO "ar_internal_metadata" ("key", "value", "created_at", "updated_at") VALUES (?, ?, ?, ?)[0m  [["key", "environment"], ["value", "development"], ["created_at", "2021-06-17 18:23:27.619687"], ["updated_at", "2021-06-17 18:23:27.619687"]]
  [1m[36mTRANSACTION (12.5ms)[0m  [1m[36mcommit transaction[0m
  [1m[35m (0.1ms)[0m  [1m[34mSELECT sqlite_version(*)[0m
  [1m[35m (0.4ms)[0m  [1m[34mSELECT "schema_migrations"."version" FROM "schema_migrations" ORDER BY "schema_migrations"."version" ASC[0m
Started GET "/" for ::1 at 2021-06-17 14:24:08 -0400
  [1m[35m (1.2ms)[0m  [1m[34mSELECT sqlite_version(*)[0m
  [1m[35m (0.5ms)[0m  [1m[34mSELECT "schema_migrations"."version" FROM "schema_migrations" ORDER BY "schema_migrations"."version" ASC[0m
Processing by Rails::WelcomeController#index as HTML
  Rendering C:/Ruby30-x64/lib/ruby/gems/3.0.0/gems/railties-6.1.3.2/lib/rails/templates/rails/welcome/index.html.erb
  Rendered C:/Ruby30-x64/lib/ruby/gems/3.0.0/gems/railties-6.1.3.2/lib/rails/templates/rails/welcome/index.html.erb (Duration: 16.8ms | Allocations: 620)
Completed 200 OK in 106ms (Views: 44.4ms | ActiveRecord: 0.0ms | Allocations: 5027)


Started GET "/" for ::1 at 2021-06-17 14:34:38 -0400
Processing by UsersController#index as HTML
  Rendering layout layouts/application.html.erb
  Rendering users/index.html.erb within layouts/application
  Rendered users/index.html.erb within layouts/application (Duration: 1.4ms | Allocations: 144)
[Webpacker] Compiling...
[Webpacker] Compilation failed:
yarn run v1.22.5
info Visit https://yarnpkg.com/en/docs/cli/run for documentation about this command.


error Command "webpack" not found.

  Rendered layout layouts/application.html.erb (Duration: 5211.9ms | Allocations: 24592)
Completed 500 Internal Server Error in 5233ms (Allocations: 26048)


  
ActionView::Template::Error (Webpacker can't find application.js in C:/railsMLMC/MyLifeMyChoice/public/packs/manifest.json. Possible causes:
1. You want to set webpacker.yml value of compile to true for your environment
   unless you are using the `webpack -w` or the webpack-dev-server.
2. webpack has not yet re-run to reflect updates.
3. You have misconfigured Webpacker's config/webpacker.yml file.
4. Your webpack configuration is not creating a manifest.
Your manifest contains:
{
}
):
     7:     <%= csp_meta_tag %>
     8: 
     9:     <%= stylesheet_link_tag 'application', media: 'all', 'data-turbolinks-track': 'reload' %>
    10:     <%= javascript_pack_tag 'application', 'data-turbolinks-track': 'reload' %>
    11:   </head>
    12: 
    13:   <body>
  
app/views/layouts/application.html.erb:10
Started GET "/" for 127.0.0.1 at 2021-06-17 14:35:14 -0400
  [1m[35m (1.2ms)[0m  [1m[34mSELECT sqlite_version(*)[0m
  [1m[35m (0.5ms)[0m  [1m[34mSELECT "schema_migrations"."version" FROM "schema_migrations" ORDER BY "schema_migrations"."version" ASC[0m
Processing by UsersController#index as HTML
  Rendering layout layouts/application.html.erb
  Rendering users/index.html.erb within layouts/application
  Rendered users/index.html.erb within layouts/application (Duration: 1.8ms | Allocations: 357)
[Webpacker] Compiling...
[Webpacker] Compilation failed:
yarn run v1.22.5
info Visit https://yarnpkg.com/en/docs/cli/run for documentation about this command.


error Command "webpack" not found.

  Rendered layout layouts/application.html.erb (Duration: 3879.0ms | Allocations: 10173)
Completed 500 Internal Server Error in 3909ms (ActiveRecord: 0.0ms | Allocations: 13735)


  
ActionView::Template::Error (Webpacker can't find application.js in C:/railsMLMC/MyLifeMyChoice/public/packs/manifest.json. Possible causes:
1. You want to set webpacker.yml value of compile to true for your environment
   unless you are using the `webpack -w` or the webpack-dev-server.
2. webpack has not yet re-run to reflect updates.
3. You have misconfigured Webpacker's config/webpacker.yml file.
4. Your webpack configuration is not creating a manifest.
Your manifest contains:
{
}
):
     7:     <%= csp_meta_tag %>
     8: 
     9:     <%= stylesheet_link_tag 'application', media: 'all', 'data-turbolinks-track': 'reload' %>
    10:     <%= javascript_pack_tag 'application', 'data-turbolinks-track': 'reload' %>
    11:   </head>
    12: 
    13:   <body>
  
app/views/layouts/application.html.erb:10
Started GET "/" for ::1 at 2021-06-17 14:38:31 -0400
  [1m[35m (1.1ms)[0m  [1m[34mSELECT sqlite_version(*)[0m
  [1m[35m (0.5ms)[0m  [1m[34mSELECT "schema_migrations"."version" FROM "schema_migrations" ORDER BY "schema_migrations"."version" ASC[0m
Processing by UsersController#index as HTML
  Rendering layout layouts/application.html.erb
  Rendering users/index.html.erb within layouts/application
  Rendered users/index.html.erb within layouts/application (Duration: 1.8ms | Allocations: 357)
[Webpacker] Compiling...
[Webpacker] Compiled all packs in C:/railsMLMC/MyLifeMyChoice/public/packs
[Webpacker] Though the "loose" option was set to "false" in your @babel/preset-env config, it will not be used for @babel/plugin-proposal-private-methods since the "loose" mode option was set to "true" for @babel/plugin-proposal-class-properties.
The "loose" option must be the same for @babel/plugin-proposal-class-properties, @babel/plugin-proposal-private-methods and @babel/plugin-proposal-private-property-in-object (when they are enabled): you can silence this warning by explicitly adding
	["@babel/plugin-proposal-private-methods", { "loose": true }]
to the "plugins" section of your Babel config.
Though the "loose" option was set to "false" in your @babel/preset-env config, it will not be used for @babel/plugin-proposal-private-methods since the "loose" mode option was set to "true" for @babel/plugin-proposal-class-properties.
The "loose" option must be the same for @babel/plugin-proposal-class-properties, @babel/plugin-proposal-private-methods and @babel/plugin-proposal-private-property-in-object (when they are enabled): you can silence this warning by explicitly adding
	["@babel/plugin-proposal-private-methods", { "loose": true }]
to the "plugins" section of your Babel config.
Though the "loose" option was set to "false" in your @babel/preset-env config, it will not be used for @babel/plugin-proposal-private-methods since the "loose" mode option was set to "true" for @babel/plugin-proposal-class-properties.
The "loose" option must be the same for @babel/plugin-proposal-class-properties, @babel/plugin-proposal-private-methods and @babel/plugin-proposal-private-property-in-object (when they are enabled): you can silence this warning by explicitly adding
	["@babel/plugin-proposal-private-methods", { "loose": true }]
to the "plugins" section of your Babel config.
Though the "loose" option was set to "false" in your @babel/preset-env config, it will not be used for @babel/plugin-proposal-private-methods since the "loose" mode option was set to "true" for @babel/plugin-proposal-class-properties.
The "loose" option must be the same for @babel/plugin-proposal-class-properties, @babel/plugin-proposal-private-methods and @babel/plugin-proposal-private-property-in-object (when they are enabled): you can silence this warning by explicitly adding
	["@babel/plugin-proposal-private-methods", { "loose": true }]
to the "plugins" section of your Babel config.
Though the "loose" option was set to "false" in your @babel/preset-env config, it will not be used for @babel/plugin-proposal-private-methods since the "loose" mode option was set to "true" for @babel/plugin-proposal-class-properties.
The "loose" option must be the same for @babel/plugin-proposal-class-properties, @babel/plugin-proposal-private-methods and @babel/plugin-proposal-private-property-in-object (when they are enabled): you can silence this warning by explicitly adding
	["@babel/plugin-proposal-private-methods", { "loose": true }]
to the "plugins" section of your Babel config.
Though the "loose" option was set to "false" in your @babel/preset-env config, it will not be used for @babel/plugin-proposal-private-methods since the "loose" mode option was set to "true" for @babel/plugin-proposal-class-properties.
The "loose" option must be the same for @babel/plugin-proposal-class-properties, @babel/plugin-proposal-private-methods and @babel/plugin-proposal-private-property-in-object (when they are enabled): you can silence this warning by explicitly adding
	["@babel/plugin-proposal-private-methods", { "loose": true }]
to the "plugins" section of your Babel config.

[Webpacker] Hash: e332c6419728fac579d5
Version: webpack 4.46.0
Time: 3536ms
Built at: 06/17/2021 2:38:41 PM
                                     Asset       Size       Chunks                         Chunk Names
    js/application-f826770d917d8a37c1d8.js    125 KiB  application  [emitted] [immutable]  application
js/application-f826770d917d8a37c1d8.js.map    139 KiB  application  [emitted] [dev]        application
                             manifest.json  364 bytes               [emitted]              
Entrypoint application = js/application-f826770d917d8a37c1d8.js js/application-f826770d917d8a37c1d8.js.map
[./app/javascript/channels sync recursive _channel\.js$] ./app/javascript/channels sync _channel\.js$ 160 bytes {application} [built]
[./app/javascript/channels/index.js] 211 bytes {application} [built]
[./app/javascript/packs/application.js] 492 bytes {application} [built]
[./node_modules/webpack/buildin/module.js] (webpack)/buildin/module.js 552 bytes {application} [built]
    + 3 hidden modules

  Rendered layout layouts/application.html.erb (Duration: 9392.9ms | Allocations: 9271)
Completed 200 OK in 9425ms (Views: 9407.0ms | ActiveRecord: 0.0ms | Allocations: 12885)


Started GET "/" for ::1 at 2021-06-17 14:39:01 -0400
Processing by UsersController#index as HTML
  Rendering layout layouts/application.html.erb
  Rendering users/index.html.erb within layouts/application
  Rendered users/index.html.erb within layouts/application (Duration: 0.1ms | Allocations: 43)
[Webpacker] Everything's up-to-date. Nothing to do
  Rendered layout layouts/application.html.erb (Duration: 49.7ms | Allocations: 3696)
Completed 200 OK in 51ms (Views: 50.7ms | ActiveRecord: 0.0ms | Allocations: 4295)


Started GET "/" for ::1 at 2021-06-17 15:00:17 -0400
Processing by UsersController#index as HTML
  Rendering layout layouts/application.html.erb
  Rendering users/index.html.erb within layouts/application
  Rendered users/index.html.erb within layouts/application (Duration: 2.3ms | Allocations: 225)
[Webpacker] Everything's up-to-date. Nothing to do
  Rendered layout layouts/application.html.erb (Duration: 46.2ms | Allocations: 4129)
Completed 200 OK in 60ms (Views: 56.0ms | Allocations: 5503)


Started GET "/" for ::1 at 2021-06-17 15:01:26 -0400
Processing by UsersController#index as HTML
  Rendering layout layouts/application.html.erb
  Rendering users/index.html.erb within layouts/application
  Rendered users/index.html.erb within layouts/application (Duration: 1.0ms | Allocations: 226)
[Webpacker] Everything's up-to-date. Nothing to do
  Rendered layout layouts/application.html.erb (Duration: 58.9ms | Allocations: 4130)
Completed 200 OK in 77ms (Views: 71.0ms | Allocations: 5516)


Started GET "/" for ::1 at 2021-06-17 15:02:10 -0400
Processing by UsersController#index as HTML
  Rendering layout layouts/application.html.erb
  Rendering users/index.html.erb within layouts/application
  Rendered users/index.html.erb within layouts/application (Duration: 2.0ms | Allocations: 230)
[Webpacker] Everything's up-to-date. Nothing to do
  Rendered layout layouts/application.html.erb (Duration: 48.6ms | Allocations: 4145)
Completed 200 OK in 64ms (Views: 59.5ms | Allocations: 5527)


Started GET "/" for ::1 at 2021-06-17 15:12:40 -0400
Processing by UsersController#index as HTML
  Rendering layout layouts/application.html.erb
  Rendering users/index.html.erb within layouts/application
  Rendered users/index.html.erb within layouts/application (Duration: 1.3ms | Allocations: 282)
[Webpacker] Everything's up-to-date. Nothing to do
  Rendered layout layouts/application.html.erb (Duration: 53.8ms | Allocations: 4186)
Completed 200 OK in 71ms (Views: 66.7ms | Allocations: 5572)


Started GET "/" for ::1 at 2021-06-17 15:14:18 -0400
Processing by UsersController#index as HTML
  Rendering layout layouts/application.html.erb
  Rendering users/index.html.erb within layouts/application
  Rendered users/index.html.erb within layouts/application (Duration: 1.3ms | Allocations: 283)
[Webpacker] Everything's up-to-date. Nothing to do
  Rendered layout layouts/application.html.erb (Duration: 58.6ms | Allocations: 4185)
Completed 200 OK in 74ms (Views: 71.3ms | Allocations: 5561)


Started GET "/" for ::1 at 2021-06-17 15:17:52 -0400
Processing by UsersController#index as HTML
  Rendering layout layouts/application.html.erb
  Rendering users/index.html.erb within layouts/application
  Rendered users/index.html.erb within layouts/application (Duration: 1.1ms | Allocations: 285)
[Webpacker] Everything's up-to-date. Nothing to do
  Rendered layout layouts/application.html.erb (Duration: 51.2ms | Allocations: 4200)
Completed 200 OK in 67ms (Views: 63.0ms | Allocations: 5582)


Started GET "/" for ::1 at 2021-06-17 15:28:26 -0400
Processing by UsersController#index as HTML
  Rendering layout layouts/application.html.erb
  Rendering users/index.html.erb within layouts/application
  Rendered users/index.html.erb within layouts/application (Duration: 0.9ms | Allocations: 282)
[Webpacker] Everything's up-to-date. Nothing to do
  Rendered layout layouts/application.html.erb (Duration: 50.4ms | Allocations: 4165)
Completed 200 OK in 66ms (Views: 62.4ms | Allocations: 5637)


Started POST "/users" for ::1 at 2021-06-17 15:31:06 -0400
Processing by UsersController#create as HTML
  Parameters: {"authenticity_token"=>"[FILTERED]", "user"=>{"name"=>"test", "email"=>"test@test.com", "role"=>"test", "password"=>"[FILTERED]", "password_confirmation"=>"[FILTERED]"}, "submit"=>"Submit"}
  [1m[35m (0.1ms)[0m  [1m[34mSELECT sqlite_version(*)[0m
  ↳ app/controllers/users_controller.rb:8:in `create'
  [1m[36mTRANSACTION (0.1ms)[0m  [1m[36mbegin transaction[0m
  ↳ app/controllers/users_controller.rb:9:in `create'
  [1m[36mUser Create (5.9ms)[0m  [1m[32mINSERT INTO "users" ("name", "email", "role", "password_digest", "created_at", "updated_at") VALUES (?, ?, ?, ?, ?, ?)[0m  [["name", "test"], ["email", "test@test.com"], ["role", "test"], ["password_digest", "$2a$12$moJP82gP5izNP0mkGa3pn.krZnu8mBYbVU46VqhHL93zXemmo1HkK"], ["created_at", "2021-06-17 19:31:07.389135"], ["updated_at", "2021-06-17 19:31:07.389135"]]
  ↳ app/controllers/users_controller.rb:9:in `create'
  [1m[36mTRANSACTION (11.4ms)[0m  [1m[36mcommit transaction[0m
  ↳ app/controllers/users_controller.rb:9:in `create'
Redirected to http://localhost:3000/dashboard
Completed 302 Found in 443ms (ActiveRecord: 20.3ms | Allocations: 11457)


Started GET "/dashboard" for ::1 at 2021-06-17 15:31:07 -0400
Processing by MlmcController#index as HTML
  Rendering layout layouts/application.html.erb
  Rendering mlmc/index.html.erb within layouts/application
  Rendered mlmc/index.html.erb within layouts/application (Duration: 0.7ms | Allocations: 144)
[Webpacker] Everything's up-to-date. Nothing to do
  Rendered layout layouts/application.html.erb (Duration: 45.8ms | Allocations: 3891)
Completed 200 OK in 58ms (Views: 53.5ms | ActiveRecord: 0.0ms | Allocations: 5057)


Started GET "/" for ::1 at 2021-06-17 15:31:26 -0400
Processing by UsersController#index as HTML
  Rendering layout layouts/application.html.erb
  Rendering users/index.html.erb within layouts/application
  Rendered users/index.html.erb within layouts/application (Duration: 0.3ms | Allocations: 88)
[Webpacker] Everything's up-to-date. Nothing to do
  Rendered layout layouts/application.html.erb (Duration: 53.0ms | Allocations: 3591)
Completed 200 OK in 55ms (Views: 53.9ms | ActiveRecord: 0.0ms | Allocations: 4106)


Started POST "/users" for ::1 at 2021-06-17 16:24:40 -0400
  [1m[35m (2.4ms)[0m  [1m[34mSELECT sqlite_version(*)[0m
  [1m[35m (0.5ms)[0m  [1m[34mSELECT "schema_migrations"."version" FROM "schema_migrations" ORDER BY "schema_migrations"."version" ASC[0m
Processing by UsersController#create as HTML
  Parameters: {"authenticity_token"=>"[FILTERED]", "user"=>{"name"=>"test1", "email"=>"test1@gmail.com", "role"=>"test1", "password"=>"[FILTERED]", "password_confirmation"=>"[FILTERED]"}, "submit"=>"Submit"}
  [1m[36mTRANSACTION (0.1ms)[0m  [1m[36mbegin transaction[0m
  ↳ app/controllers/users_controller.rb:9:in `create'
  [1m[36mUser Create (3.1ms)[0m  [1m[32mINSERT INTO "users" ("name", "email", "role", "password_digest", "created_at", "updated_at") VALUES (?, ?, ?, ?, ?, ?)[0m  [["name", "test1"], ["email", "test1@gmail.com"], ["role", "test1"], ["password_digest", "$2a$12$vf.z8JHK70ZWsUu6TIF2VefN7JVYu5jfe4TdUfhI2Lcnh662GANbW"], ["created_at", "2021-06-17 20:24:41.321606"], ["updated_at", "2021-06-17 20:24:41.321606"]]
  ↳ app/controllers/users_controller.rb:9:in `create'
  [1m[36mTRANSACTION (11.8ms)[0m  [1m[36mcommit transaction[0m
  ↳ app/controllers/users_controller.rb:9:in `create'
Redirected to http://localhost:3000/dashboard
Completed 302 Found in 343ms (ActiveRecord: 16.9ms | Allocations: 9735)


Started GET "/dashboard" for ::1 at 2021-06-17 16:24:41 -0400
Processing by MlmcController#index as HTML
  Rendering layout layouts/application.html.erb
  Rendering mlmc/index.html.erb within layouts/application
  Rendered mlmc/index.html.erb within layouts/application (Duration: 3.8ms | Allocations: 345)
[Webpacker] Everything's up-to-date. Nothing to do
  Rendered layout layouts/application.html.erb (Duration: 105.9ms | Allocations: 7415)
Completed 200 OK in 127ms (Views: 124.3ms | ActiveRecord: 0.0ms | Allocations: 9432)


Started GET "/" for ::1 at 2021-06-17 16:25:15 -0400
Processing by UsersController#index as HTML
  Rendering layout layouts/application.html.erb
  Rendering users/index.html.erb within layouts/application
  Rendered users/index.html.erb within layouts/application (Duration: 1.9ms | Allocations: 285)
[Webpacker] Everything's up-to-date. Nothing to do
  Rendered layout layouts/application.html.erb (Duration: 51.1ms | Allocations: 4016)
Completed 200 OK in 63ms (Views: 58.7ms | ActiveRecord: 0.0ms | Allocations: 5199)


Started GET "/" for ::1 at 2021-06-17 22:01:12 -0400
  [1m[35m (3.6ms)[0m  [1m[34mSELECT sqlite_version(*)[0m
  [1m[35m (0.8ms)[0m  [1m[34mSELECT "schema_migrations"."version" FROM "schema_migrations" ORDER BY "schema_migrations"."version" ASC[0m
Processing by UsersController#index as HTML
  Rendering layout layouts/application.html.erb
  Rendering users/index.html.erb within layouts/application
  Rendered users/index.html.erb within layouts/application (Duration: 5.7ms | Allocations: 540)
[Webpacker] Everything's up-to-date. Nothing to do
  Rendered layout layouts/application.html.erb (Duration: 176.9ms | Allocations: 7610)
Completed 200 OK in 248ms (Views: 203.2ms | ActiveRecord: 0.0ms | Allocations: 11345)


Started POST "/sessions" for ::1 at 2021-06-17 22:01:45 -0400
Processing by SessionsController#create as HTML
  Parameters: {"authenticity_token"=>"[FILTERED]", "login"=>{"email"=>"test@test.com", "password"=>"[FILTERED]"}, "submit"=>"Submit"}
  [1m[36mUser Load (0.6ms)[0m  [1m[34mSELECT "users".* FROM "users" WHERE "users"."email" = ? LIMIT ?[0m  [["email", "test@test.com"], ["LIMIT", 1]]
  ↳ app/controllers/sessions_controller.rb:4:in `create'
Redirected to http://localhost:3000/dashboard
Completed 302 Found in 321ms (ActiveRecord: 2.6ms | Allocations: 6916)


Started GET "/dashboard" for ::1 at 2021-06-17 22:01:45 -0400
Processing by MlmcController#index as HTML
  Rendering layout layouts/application.html.erb
  Rendering mlmc/index.html.erb within layouts/application
  Rendered mlmc/index.html.erb within layouts/application (Duration: 0.8ms | Allocations: 139)
[Webpacker] Everything's up-to-date. Nothing to do
  Rendered layout layouts/application.html.erb (Duration: 47.8ms | Allocations: 3875)
Completed 200 OK in 59ms (Views: 55.7ms | ActiveRecord: 0.0ms | Allocations: 5042)


Started GET "/" for ::1 at 2021-06-17 22:01:52 -0400
Processing by UsersController#index as HTML
  Rendering layout layouts/application.html.erb
  Rendering users/index.html.erb within layouts/application
  Rendered users/index.html.erb within layouts/application (Duration: 0.3ms | Allocations: 88)
[Webpacker] Everything's up-to-date. Nothing to do
  Rendered layout layouts/application.html.erb (Duration: 47.0ms | Allocations: 3593)
Completed 200 OK in 49ms (Views: 48.1ms | ActiveRecord: 0.0ms | Allocations: 4115)


Started POST "/sessions" for ::1 at 2021-06-17 22:02:07 -0400
Processing by SessionsController#create as HTML
  Parameters: {"authenticity_token"=>"[FILTERED]", "login"=>{"email"=>"test1@test.com", "password"=>"[FILTERED]"}, "submit"=>"Submit"}
  [1m[36mUser Load (0.6ms)[0m  [1m[34mSELECT "users".* FROM "users" WHERE "users"."email" = ? LIMIT ?[0m  [["email", "test1@test.com"], ["LIMIT", 1]]
  ↳ app/controllers/sessions_controller.rb:4:in `create'
Redirected to http://localhost:3000/
Completed 302 Found in 5ms (ActiveRecord: 0.6ms | Allocations: 985)


Started GET "/" for ::1 at 2021-06-17 22:02:07 -0400
Processing by UsersController#index as HTML
  Rendering layout layouts/application.html.erb
  Rendering users/index.html.erb within layouts/application
  Rendered users/index.html.erb within layouts/application (Duration: 0.3ms | Allocations: 87)
[Webpacker] Everything's up-to-date. Nothing to do
  Rendered layout layouts/application.html.erb (Duration: 49.4ms | Allocations: 3603)
Completed 200 OK in 51ms (Views: 50.2ms | ActiveRecord: 0.0ms | Allocations: 4080)


Started POST "/sessions" for ::1 at 2021-06-17 22:02:21 -0400
Processing by SessionsController#create as HTML
  Parameters: {"authenticity_token"=>"[FILTERED]", "login"=>{"email"=>"test1@test1.com", "password"=>"[FILTERED]"}, "submit"=>"Submit"}
  [1m[36mUser Load (0.5ms)[0m  [1m[34mSELECT "users".* FROM "users" WHERE "users"."email" = ? LIMIT ?[0m  [["email", "test1@test1.com"], ["LIMIT", 1]]
  ↳ app/controllers/sessions_controller.rb:4:in `create'
Redirected to http://localhost:3000/
Completed 302 Found in 5ms (ActiveRecord: 0.5ms | Allocations: 891)


Started GET "/" for ::1 at 2021-06-17 22:02:22 -0400
Processing by UsersController#index as HTML
  Rendering layout layouts/application.html.erb
  Rendering users/index.html.erb within layouts/application
  Rendered users/index.html.erb within layouts/application (Duration: 0.2ms | Allocations: 87)
[Webpacker] Everything's up-to-date. Nothing to do
  Rendered layout layouts/application.html.erb (Duration: 46.6ms | Allocations: 3592)
Completed 200 OK in 48ms (Views: 47.6ms | ActiveRecord: 0.0ms | Allocations: 4069)


Started POST "/users" for ::1 at 2021-06-17 22:02:49 -0400
Processing by UsersController#create as HTML
  Parameters: {"authenticity_token"=>"[FILTERED]", "user"=>{"name"=>"test2", "email"=>"test2@test2.com", "role"=>"test2", "password"=>"[FILTERED]", "password_confirmation"=>"[FILTERED]"}, "submit"=>"Submit"}
  [1m[36mTRANSACTION (0.1ms)[0m  [1m[36mbegin transaction[0m
  ↳ app/controllers/users_controller.rb:9:in `create'
  [1m[36mUser Create (2.9ms)[0m  [1m[32mINSERT INTO "users" ("name", "email", "role", "password_digest", "created_at", "updated_at") VALUES (?, ?, ?, ?, ?, ?)[0m  [["name", "test2"], ["email", "test2@test2.com"], ["role", "test2"], ["password_digest", "$2a$12$DL8KxU2RRO8PR7JDKDJ9L.UbqoVVD2bS5foDZWjASNTeoEUcoZp5K"], ["created_at", "2021-06-18 02:02:49.562918"], ["updated_at", "2021-06-18 02:02:49.562918"]]
  ↳ app/controllers/users_controller.rb:9:in `create'
  [1m[36mTRANSACTION (10.1ms)[0m  [1m[36mcommit transaction[0m
  ↳ app/controllers/users_controller.rb:9:in `create'
Redirected to http://localhost:3000/dashboard
Completed 302 Found in 335ms (ActiveRecord: 13.1ms | Allocations: 3319)


Started GET "/dashboard" for ::1 at 2021-06-17 22:02:49 -0400
Processing by MlmcController#index as HTML
  Rendering layout layouts/application.html.erb
  Rendering mlmc/index.html.erb within layouts/application
  Rendered mlmc/index.html.erb within layouts/application (Duration: 0.1ms | Allocations: 38)
[Webpacker] Everything's up-to-date. Nothing to do
  Rendered layout layouts/application.html.erb (Duration: 43.1ms | Allocations: 3532)
Completed 200 OK in 45ms (Views: 44.4ms | ActiveRecord: 0.0ms | Allocations: 4008)


Started GET "/" for ::1 at 2021-06-17 22:02:53 -0400
Processing by UsersController#index as HTML
  Rendering layout layouts/application.html.erb
  Rendering users/index.html.erb within layouts/application
  Rendered users/index.html.erb within layouts/application (Duration: 0.4ms | Allocations: 87)
[Webpacker] Everything's up-to-date. Nothing to do
  Rendered layout layouts/application.html.erb (Duration: 48.2ms | Allocations: 3605)
Completed 200 OK in 50ms (Views: 49.1ms | ActiveRecord: 0.0ms | Allocations: 4086)


Started POST "/sessions" for ::1 at 2021-06-17 22:03:09 -0400
Processing by SessionsController#create as HTML
  Parameters: {"authenticity_token"=>"[FILTERED]", "login"=>{"email"=>"test2@test2.com", "password"=>"[FILTERED]"}, "submit"=>"Submit"}
  [1m[36mUser Load (0.9ms)[0m  [1m[34mSELECT "users".* FROM "users" WHERE "users"."email" = ? LIMIT ?[0m  [["email", "test2@test2.com"], ["LIMIT", 1]]
  ↳ app/controllers/sessions_controller.rb:4:in `create'
Redirected to http://localhost:3000/dashboard
Completed 302 Found in 356ms (ActiveRecord: 0.9ms | Allocations: 924)


Started GET "/dashboard" for ::1 at 2021-06-17 22:03:10 -0400
Processing by MlmcController#index as HTML
  Rendering layout layouts/application.html.erb
  Rendering mlmc/index.html.erb within layouts/application
  Rendered mlmc/index.html.erb within layouts/application (Duration: 0.1ms | Allocations: 38)
[Webpacker] Everything's up-to-date. Nothing to do
  Rendered layout layouts/application.html.erb (Duration: 46.4ms | Allocations: 3532)
Completed 200 OK in 48ms (Views: 47.8ms | ActiveRecord: 0.0ms | Allocations: 4008)


Started GET "/" for ::1 at 2021-06-17 22:03:16 -0400
Processing by UsersController#index as HTML
  Rendering layout layouts/application.html.erb
  Rendering users/index.html.erb within layouts/application
  Rendered users/index.html.erb within layouts/application (Duration: 0.3ms | Allocations: 87)
[Webpacker] Everything's up-to-date. Nothing to do
  Rendered layout layouts/application.html.erb (Duration: 47.2ms | Allocations: 3590)
Completed 200 OK in 50ms (Views: 48.8ms | ActiveRecord: 0.0ms | Allocations: 4066)


Started GET "/" for ::1 at 2021-06-17 22:12:16 -0400
Processing by UsersController#index as HTML
  Rendering layout layouts/application.html.erb
  Rendering users/index.html.erb within layouts/application
  Rendered users/index.html.erb within layouts/application (Duration: 1.4ms | Allocations: 404)
[Webpacker] Everything's up-to-date. Nothing to do
  Rendered layout layouts/application.html.erb (Duration: 52.7ms | Allocations: 4305)
Completed 200 OK in 72ms (Views: 65.0ms | Allocations: 5668)


Started GET "/" for ::1 at 2021-06-17 22:12:31 -0400
Processing by UsersController#index as HTML
  Rendering layout layouts/application.html.erb
  Rendering users/index.html.erb within layouts/application
  Rendered users/index.html.erb within layouts/application (Duration: 0.7ms | Allocations: 101)
[Webpacker] Everything's up-to-date. Nothing to do
  Rendered layout layouts/application.html.erb (Duration: 59.0ms | Allocations: 3617)
Completed 200 OK in 64ms (Views: 60.8ms | Allocations: 4129)


Started POST "/sessions" for ::1 at 2021-06-17 22:12:55 -0400
Processing by SessionsController#create as HTML
  Parameters: {"authenticity_token"=>"[FILTERED]", "login"=>{"email"=>"test2@gmail.com", "password"=>"[FILTERED]"}, "submit"=>"Submit"}
  [1m[35m (0.2ms)[0m  [1m[34mSELECT sqlite_version(*)[0m
  ↳ app/controllers/sessions_controller.rb:4:in `create'
  [1m[36mUser Load (0.4ms)[0m  [1m[34mSELECT "users".* FROM "users" WHERE "users"."email" = ? LIMIT ?[0m  [["email", "test2@gmail.com"], ["LIMIT", 1]]
  ↳ app/controllers/sessions_controller.rb:4:in `create'
Redirected to http://localhost:3000/
Completed 302 Found in 7ms (ActiveRecord: 1.2ms | Allocations: 1618)


Started GET "/" for ::1 at 2021-06-17 22:12:55 -0400
Processing by UsersController#index as HTML
  Rendering layout layouts/application.html.erb
  Rendering users/index.html.erb within layouts/application
  Rendered users/index.html.erb within layouts/application (Duration: 0.4ms | Allocations: 105)
[Webpacker] Everything's up-to-date. Nothing to do
  Rendered layout layouts/application.html.erb (Duration: 52.2ms | Allocations: 3624)
Completed 200 OK in 55ms (Views: 53.5ms | ActiveRecord: 0.0ms | Allocations: 4103)


Started POST "/sessions" for ::1 at 2021-06-17 22:13:11 -0400
Processing by SessionsController#create as HTML
  Parameters: {"authenticity_token"=>"[FILTERED]", "login"=>{"email"=>"test@test.com", "password"=>"[FILTERED]"}, "submit"=>"Submit"}
  [1m[36mUser Load (0.4ms)[0m  [1m[34mSELECT "users".* FROM "users" WHERE "users"."email" = ? LIMIT ?[0m  [["email", "test@test.com"], ["LIMIT", 1]]
  ↳ app/controllers/sessions_controller.rb:4:in `create'
Redirected to http://localhost:3000/dashboard
Completed 302 Found in 296ms (ActiveRecord: 0.4ms | Allocations: 935)


Started GET "/dashboard" for ::1 at 2021-06-17 22:13:12 -0400
Processing by MlmcController#index as HTML
  Rendering layout layouts/application.html.erb
  Rendering mlmc/index.html.erb within layouts/application
  Rendered mlmc/index.html.erb within layouts/application (Duration: 1.5ms | Allocations: 141)
[Webpacker] Everything's up-to-date. Nothing to do
  Rendered layout layouts/application.html.erb (Duration: 55.9ms | Allocations: 3875)
Completed 200 OK in 68ms (Views: 64.5ms | ActiveRecord: 0.0ms | Allocations: 4944)


Started GET "/" for ::1 at 2021-06-17 22:13:16 -0400
Processing by UsersController#index as HTML
  Rendering layout layouts/application.html.erb
  Rendering users/index.html.erb within layouts/application
  Rendered users/index.html.erb within layouts/application (Duration: 0.5ms | Allocations: 107)
[Webpacker] Everything's up-to-date. Nothing to do
  Rendered layout layouts/application.html.erb (Duration: 61.2ms | Allocations: 3610)
Completed 200 OK in 63ms (Views: 62.2ms | ActiveRecord: 0.0ms | Allocations: 4125)


Started GET "/" for ::1 at 2021-06-17 22:30:26 -0400
  [1m[35m (2.6ms)[0m  [1m[34mSELECT sqlite_version(*)[0m
  [1m[35m (1.1ms)[0m  [1m[34mSELECT "schema_migrations"."version" FROM "schema_migrations" ORDER BY "schema_migrations"."version" ASC[0m
Processing by UsersController#index as HTML
  Rendering layout layouts/application.html.erb
  Rendering users/index.html.erb within layouts/application
  Rendered users/index.html.erb within layouts/application (Duration: 4.9ms | Allocations: 665)
[Webpacker] Everything's up-to-date. Nothing to do
  Rendered layout layouts/application.html.erb (Duration: 152.3ms | Allocations: 7727)
Completed 200 OK in 213ms (Views: 177.8ms | ActiveRecord: 0.0ms | Allocations: 11462)


Started POST "/sessions" for ::1 at 2021-06-17 22:30:35 -0400
Processing by SessionsController#create as HTML
  Parameters: {"authenticity_token"=>"[FILTERED]", "login"=>{"email"=>"test@test.com", "password"=>"[FILTERED]"}, "submit"=>"Submit"}
  [1m[36mUser Load (0.8ms)[0m  [1m[34mSELECT "users".* FROM "users" WHERE "users"."email" = ? LIMIT ?[0m  [["email", "test@test.com"], ["LIMIT", 1]]
  ↳ app/controllers/sessions_controller.rb:4:in `create'
Redirected to http://localhost:3000/dashboard
Completed 302 Found in 372ms (ActiveRecord: 2.5ms | Allocations: 6914)


Started GET "/dashboard" for ::1 at 2021-06-17 22:30:36 -0400
Processing by MlmcController#index as HTML
  Rendering layout layouts/application.html.erb
  Rendering mlmc/index.html.erb within layouts/application
  Rendered mlmc/index.html.erb within layouts/application (Duration: 0.7ms | Allocations: 139)
[Webpacker] Everything's up-to-date. Nothing to do
  Rendered layout layouts/application.html.erb (Duration: 46.6ms | Allocations: 3875)
Completed 200 OK in 58ms (Views: 54.5ms | ActiveRecord: 0.0ms | Allocations: 5042)


Started GET "/" for ::1 at 2021-06-17 22:30:40 -0400
Processing by UsersController#index as HTML
  Rendering layout layouts/application.html.erb
  Rendering users/index.html.erb within layouts/application
  Rendered users/index.html.erb within layouts/application (Duration: 0.5ms | Allocations: 107)
[Webpacker] Everything's up-to-date. Nothing to do
  Rendered layout layouts/application.html.erb (Duration: 54.8ms | Allocations: 3612)
Completed 200 OK in 57ms (Views: 56.0ms | ActiveRecord: 0.0ms | Allocations: 4133)


Started POST "/sessions" for ::1 at 2021-06-17 22:30:51 -0400
Processing by SessionsController#create as HTML
  Parameters: {"authenticity_token"=>"[FILTERED]", "login"=>{"email"=>"test3@test.com", "password"=>"[FILTERED]"}, "submit"=>"Submit"}
  [1m[36mUser Load (0.7ms)[0m  [1m[34mSELECT "users".* FROM "users" WHERE "users"."email" = ? LIMIT ?[0m  [["email", "test3@test.com"], ["LIMIT", 1]]
  ↳ app/controllers/sessions_controller.rb:4:in `create'
Redirected to http://localhost:3000/
Completed 302 Found in 5ms (ActiveRecord: 0.7ms | Allocations: 967)


Started GET "/" for ::1 at 2021-06-17 22:30:51 -0400
Processing by UsersController#index as HTML
  Rendering layout layouts/application.html.erb
  Rendering users/index.html.erb within layouts/application
  Rendered users/index.html.erb within layouts/application (Duration: 0.3ms | Allocations: 108)
[Webpacker] Everything's up-to-date. Nothing to do
  Rendered layout layouts/application.html.erb (Duration: 45.4ms | Allocations: 3611)
Completed 200 OK in 48ms (Views: 46.6ms | ActiveRecord: 0.0ms | Allocations: 4088)


Started GET "/" for ::1 at 2021-06-18 16:14:42 -0400
  [1m[35m (3.6ms)[0m  [1m[34mSELECT sqlite_version(*)[0m
  [1m[35m (0.7ms)[0m  [1m[34mSELECT "schema_migrations"."version" FROM "schema_migrations" ORDER BY "schema_migrations"."version" ASC[0m
Processing by UsersController#index as HTML
  Rendering layout layouts/application.html.erb
  Rendering users/index.html.erb within layouts/application
  Rendered users/index.html.erb within layouts/application (Duration: 4.2ms | Allocations: 665)
[Webpacker] Everything's up-to-date. Nothing to do
  Rendered layout layouts/application.html.erb (Duration: 253.0ms | Allocations: 7731)
Completed 200 OK in 308ms (Views: 283.0ms | ActiveRecord: 0.0ms | Allocations: 11466)


Started GET "/" for ::1 at 2021-06-18 16:14:42 -0400
Processing by UsersController#index as HTML
  Rendering layout layouts/application.html.erb
  Rendering users/index.html.erb within layouts/application
  Rendered users/index.html.erb within layouts/application (Duration: 0.9ms | Allocations: 118)
[Webpacker] Everything's up-to-date. Nothing to do
  Rendered layout layouts/application.html.erb (Duration: 98.8ms | Allocations: 3741)
Completed 200 OK in 102ms (Views: 101.0ms | ActiveRecord: 0.0ms | Allocations: 4310)


Started POST "/sessions" for ::1 at 2021-06-18 16:14:57 -0400
Processing by SessionsController#create as HTML
  Parameters: {"authenticity_token"=>"[FILTERED]", "login"=>{"email"=>"test@test.com", "password"=>"[FILTERED]"}, "submit"=>"Submit"}
  [1m[36mUser Load (0.5ms)[0m  [1m[34mSELECT "users".* FROM "users" WHERE "users"."email" = ? LIMIT ?[0m  [["email", "test@test.com"], ["LIMIT", 1]]
  ↳ app/controllers/sessions_controller.rb:4:in `create'
Redirected to http://localhost:3000/
Completed 302 Found in 312ms (ActiveRecord: 2.2ms | Allocations: 6925)


Started GET "/" for ::1 at 2021-06-18 16:14:57 -0400
Processing by UsersController#index as HTML
  Rendering layout layouts/application.html.erb
  Rendering users/index.html.erb within layouts/application
  Rendered users/index.html.erb within layouts/application (Duration: 0.3ms | Allocations: 119)
[Webpacker] Everything's up-to-date. Nothing to do
  Rendered layout layouts/application.html.erb (Duration: 43.3ms | Allocations: 3753)
Completed 200 OK in 45ms (Views: 44.2ms | ActiveRecord: 0.0ms | Allocations: 4310)


Started POST "/sessions" for ::1 at 2021-06-18 16:15:15 -0400
Processing by SessionsController#create as HTML
  Parameters: {"authenticity_token"=>"[FILTERED]", "login"=>{"email"=>"test@test.com", "password"=>"[FILTERED]"}, "submit"=>"Submit"}
  [1m[36mUser Load (0.6ms)[0m  [1m[34mSELECT "users".* FROM "users" WHERE "users"."email" = ? LIMIT ?[0m  [["email", "test@test.com"], ["LIMIT", 1]]
  ↳ app/controllers/sessions_controller.rb:4:in `create'
Redirected to http://localhost:3000/dashboard
Completed 302 Found in 346ms (ActiveRecord: 0.6ms | Allocations: 948)


Started GET "/dashboard" for ::1 at 2021-06-18 16:15:15 -0400
Processing by MlmcController#index as HTML
  Rendering layout layouts/application.html.erb
  Rendering mlmc/index.html.erb within layouts/application
  Rendered mlmc/index.html.erb within layouts/application (Duration: 1.0ms | Allocations: 139)
[Webpacker] Everything's up-to-date. Nothing to do
  Rendered layout layouts/application.html.erb (Duration: 90.5ms | Allocations: 3877)
Completed 200 OK in 103ms (Views: 99.2ms | ActiveRecord: 0.0ms | Allocations: 5042)


Started GET "/" for ::1 at 2021-06-18 16:15:18 -0400
Processing by UsersController#index as HTML
  Rendering layout layouts/application.html.erb
  Rendering users/index.html.erb within layouts/application
  Rendered users/index.html.erb within layouts/application (Duration: 0.7ms | Allocations: 107)
[Webpacker] Everything's up-to-date. Nothing to do
  Rendered layout layouts/application.html.erb (Duration: 48.7ms | Allocations: 3610)
Completed 200 OK in 51ms (Views: 49.9ms | ActiveRecord: 0.0ms | Allocations: 4125)


Started GET "/" for ::1 at 2021-06-18 16:46:27 -0400
  [1m[35m (1.0ms)[0m  [1m[34mSELECT sqlite_version(*)[0m
  [1m[35m (0.5ms)[0m  [1m[34mSELECT "schema_migrations"."version" FROM "schema_migrations" ORDER BY "schema_migrations"."version" ASC[0m
Processing by UsersController#index as HTML
  Rendering layout layouts/application.html.erb
  Rendering users/index.html.erb within layouts/application
  Rendered users/index.html.erb within layouts/application (Duration: 2.1ms | Allocations: 704)
[Webpacker] Everything's up-to-date. Nothing to do
  Rendered layout layouts/application.html.erb (Duration: 85.3ms | Allocations: 7771)
Completed 200 OK in 117ms (Views: 99.0ms | ActiveRecord: 0.0ms | Allocations: 11384)


Started GET "/" for ::1 at 2021-06-18 16:49:56 -0400
  [1m[35m (1.1ms)[0m  [1m[34mSELECT sqlite_version(*)[0m
  [1m[35m (0.6ms)[0m  [1m[34mSELECT "schema_migrations"."version" FROM "schema_migrations" ORDER BY "schema_migrations"."version" ASC[0m
Processing by UsersController#index as HTML
  Rendering layout layouts/application.html.erb
  Rendering users/index.html.erb within layouts/application
  Rendered users/index.html.erb within layouts/application (Duration: 2.4ms | Allocations: 665)
[Webpacker] Everything's up-to-date. Nothing to do
  Rendered layout layouts/application.html.erb (Duration: 82.4ms | Allocations: 7731)
Completed 200 OK in 111ms (Views: 95.7ms | ActiveRecord: 0.0ms | Allocations: 11465)


Started POST "/users" for ::1 at 2021-06-18 16:50:29 -0400
Processing by UsersController#create as HTML
  Parameters: {"authenticity_token"=>"[FILTERED]", "user"=>{"name"=>"test1", "email"=>"test1@test1.com", "role"=>"test1", "password"=>"[FILTERED]", "password_confirmation"=>"[FILTERED]"}, "submit"=>"Submit"}
  [1m[36mTRANSACTION (0.1ms)[0m  [1m[36mbegin transaction[0m
  ↳ app/controllers/users_controller.rb:9:in `create'
  [1m[36mUser Create (6.2ms)[0m  [1m[32mINSERT INTO "users" ("name", "email", "role", "password_digest", "created_at", "updated_at") VALUES (?, ?, ?, ?, ?, ?)[0m  [["name", "test1"], ["email", "test1@test1.com"], ["role", "test1"], ["password_digest", "$2a$12$80e8eP04MBzAvtDYybC5hudlNHy4AkWcp4pUwDR4xRLVaj7o3bs.q"], ["created_at", "2021-06-18 20:50:30.067845"], ["updated_at", "2021-06-18 20:50:30.067845"]]
  ↳ app/controllers/users_controller.rb:9:in `create'
  [1m[36mTRANSACTION (7.9ms)[0m  [1m[36mcommit transaction[0m
  ↳ app/controllers/users_controller.rb:9:in `create'
Redirected to http://localhost:3001/dashboard
Completed 302 Found in 407ms (ActiveRecord: 15.8ms | Allocations: 11288)


Started GET "/dashboard" for ::1 at 2021-06-18 16:50:30 -0400
Processing by MlmcController#index as HTML
  Rendering layout layouts/application.html.erb
  Rendering mlmc/index.html.erb within layouts/application
  Rendered mlmc/index.html.erb within layouts/application (Duration: 0.8ms | Allocations: 139)
[Webpacker] Everything's up-to-date. Nothing to do
  Rendered layout layouts/application.html.erb (Duration: 45.7ms | Allocations: 3875)
Completed 200 OK in 58ms (Views: 55.7ms | ActiveRecord: 0.0ms | Allocations: 5041)


Started GET "/" for ::1 at 2021-06-18 16:50:33 -0400
Processing by UsersController#index as HTML
  Rendering layout layouts/application.html.erb
  Rendering users/index.html.erb within layouts/application
  Rendered users/index.html.erb within layouts/application (Duration: 0.6ms | Allocations: 107)
[Webpacker] Everything's up-to-date. Nothing to do
  Rendered layout layouts/application.html.erb (Duration: 43.8ms | Allocations: 3612)
Completed 200 OK in 46ms (Views: 45.0ms | ActiveRecord: 0.0ms | Allocations: 4134)


Started POST "/sessions" for ::1 at 2021-06-18 16:50:45 -0400
Processing by SessionsController#create as HTML
  Parameters: {"authenticity_token"=>"[FILTERED]", "login"=>{"email"=>"test1@test1.com", "password"=>"[FILTERED]"}, "submit"=>"Submit"}
  [1m[36mUser Load (0.5ms)[0m  [1m[34mSELECT "users".* FROM "users" WHERE "users"."email" = ? LIMIT ?[0m  [["email", "test1@test1.com"], ["LIMIT", 1]]
  ↳ app/controllers/sessions_controller.rb:4:in `create'
Redirected to http://localhost:3001/dashboard
Completed 302 Found in 314ms (ActiveRecord: 0.5ms | Allocations: 1943)


Started GET "/dashboard" for ::1 at 2021-06-18 16:50:45 -0400
Processing by MlmcController#index as HTML
  Rendering layout layouts/application.html.erb
  Rendering mlmc/index.html.erb within layouts/application
  Rendered mlmc/index.html.erb within layouts/application (Duration: 0.1ms | Allocations: 41)
[Webpacker] Everything's up-to-date. Nothing to do
  Rendered layout layouts/application.html.erb (Duration: 43.8ms | Allocations: 3685)
Completed 200 OK in 45ms (Views: 44.6ms | ActiveRecord: 0.0ms | Allocations: 4229)


Started GET "/" for ::1 at 2021-06-18 16:50:51 -0400
Processing by UsersController#index as HTML
  Rendering layout layouts/application.html.erb
  Rendering users/index.html.erb within layouts/application
  Rendered users/index.html.erb within layouts/application (Duration: 0.4ms | Allocations: 107)
[Webpacker] Everything's up-to-date. Nothing to do
  Rendered layout layouts/application.html.erb (Duration: 48.0ms | Allocations: 3610)
Completed 200 OK in 49ms (Views: 48.7ms | ActiveRecord: 0.0ms | Allocations: 4077)


Started GET "/" for ::1 at 2021-06-18 16:55:23 -0400
  [1m[35m (1.2ms)[0m  [1m[34mSELECT sqlite_version(*)[0m
  [1m[35m (0.4ms)[0m  [1m[34mSELECT "schema_migrations"."version" FROM "schema_migrations" ORDER BY "schema_migrations"."version" ASC[0m
Processing by UsersController#index as HTML
  Rendering layout layouts/application.html.erb
  Rendering users/index.html.erb within layouts/application
  Rendered users/index.html.erb within layouts/application (Duration: 2.3ms | Allocations: 665)
[Webpacker] Everything's up-to-date. Nothing to do
  Rendered layout layouts/application.html.erb (Duration: 87.8ms | Allocations: 7731)
Completed 200 OK in 120ms (Views: 103.4ms | ActiveRecord: 0.0ms | Allocations: 11466)


Started POST "/sessions" for ::1 at 2021-06-18 16:57:04 -0400
Processing by SessionsController#create as HTML
  Parameters: {"authenticity_token"=>"[FILTERED]", "login"=>{"email"=>"test@test.com", "password"=>"[FILTERED]"}, "submit"=>"Submit"}
  [1m[36mUser Load (0.5ms)[0m  [1m[34mSELECT "users".* FROM "users" WHERE "users"."email" = ? LIMIT ?[0m  [["email", "test@test.com"], ["LIMIT", 1]]
  ↳ app/controllers/sessions_controller.rb:4:in `create'
Redirected to http://localhost:3001/dashboard
Completed 302 Found in 315ms (ActiveRecord: 2.1ms | Allocations: 6913)


Started GET "/dashboard" for ::1 at 2021-06-18 16:57:04 -0400
Processing by MlmcController#index as HTML
  Rendering layout layouts/application.html.erb
  Rendering mlmc/index.html.erb within layouts/application
  Rendered mlmc/index.html.erb within layouts/application (Duration: 0.7ms | Allocations: 139)
[Webpacker] Everything's up-to-date. Nothing to do
  Rendered layout layouts/application.html.erb (Duration: 45.6ms | Allocations: 3876)
Completed 200 OK in 57ms (Views: 53.1ms | ActiveRecord: 0.0ms | Allocations: 5043)


Started GET "/" for ::1 at 2021-06-18 16:57:10 -0400
Processing by UsersController#index as HTML
  Rendering layout layouts/application.html.erb
  Rendering users/index.html.erb within layouts/application
  Rendered users/index.html.erb within layouts/application (Duration: 0.3ms | Allocations: 107)
[Webpacker] Everything's up-to-date. Nothing to do
  Rendered layout layouts/application.html.erb (Duration: 43.3ms | Allocations: 3612)
Completed 200 OK in 45ms (Views: 44.4ms | ActiveRecord: 0.0ms | Allocations: 4134)


Started POST "/sessions" for ::1 at 2021-06-18 17:05:18 -0400
Processing by SessionsController#create as HTML
  Parameters: {"authenticity_token"=>"[FILTERED]", "login"=>{"email"=>"test@test.com", "password"=>"[FILTERED]"}, "submit"=>"Submit"}
  [1m[35m (0.1ms)[0m  [1m[34mSELECT sqlite_version(*)[0m
  ↳ app/controllers/sessions_controller.rb:4:in `create'
  [1m[36mUser Load (0.5ms)[0m  [1m[34mSELECT "users".* FROM "users" WHERE "users"."email" = ? LIMIT ?[0m  [["email", "test@test.com"], ["LIMIT", 1]]
  ↳ app/controllers/sessions_controller.rb:4:in `create'
Redirected to http://localhost:3001/dashboard
Completed 302 Found in 337ms (ActiveRecord: 1.3ms | Allocations: 1687)


Started GET "/dashboard" for ::1 at 2021-06-18 17:05:18 -0400
Processing by MlmcController#index as HTML
  Rendering layout layouts/application.html.erb
  Rendering mlmc/index.html.erb within layouts/application
  Rendered mlmc/index.html.erb within layouts/application (Duration: 0.1ms | Allocations: 38)
[Webpacker] Everything's up-to-date. Nothing to do
  Rendered layout layouts/application.html.erb (Duration: 49.3ms | Allocations: 3547)
Completed 200 OK in 51ms (Views: 50.2ms | ActiveRecord: 0.0ms | Allocations: 4015)


Started GET "/" for ::1 at 2021-06-18 17:05:23 -0400
Processing by UsersController#index as HTML
  Rendering layout layouts/application.html.erb
  Rendering users/index.html.erb within layouts/application
  Rendered users/index.html.erb within layouts/application (Duration: 0.5ms | Allocations: 101)
[Webpacker] Everything's up-to-date. Nothing to do
  Rendered layout layouts/application.html.erb (Duration: 54.0ms | Allocations: 3606)
Completed 200 OK in 57ms (Views: 55.2ms | ActiveRecord: 0.0ms | Allocations: 4078)


Started POST "/users" for ::1 at 2021-06-18 17:05:46 -0400
Processing by UsersController#create as HTML
  Parameters: {"authenticity_token"=>"[FILTERED]", "user"=>{"name"=>"test11", "email"=>"test11@test11.com", "role"=>"test11", "password"=>"[FILTERED]", "password_confirmation"=>"[FILTERED]"}, "submit"=>"Submit"}
  [1m[36mTRANSACTION (0.1ms)[0m  [1m[36mbegin transaction[0m
  ↳ app/controllers/users_controller.rb:9:in `create'
  [1m[36mUser Create (3.5ms)[0m  [1m[32mINSERT INTO "users" ("name", "email", "role", "password_digest", "created_at", "updated_at") VALUES (?, ?, ?, ?, ?, ?)[0m  [["name", "test11"], ["email", "test11@test11.com"], ["role", "test11"], ["password_digest", "$2a$12$Q.2tk2LBxGznuwNcBxdWteV7uieY.pBqTwlocvWsEK3AMh1Ue.Tn2"], ["created_at", "2021-06-18 21:05:47.417026"], ["updated_at", "2021-06-18 21:05:47.417026"]]
  ↳ app/controllers/users_controller.rb:9:in `create'
  [1m[36mTRANSACTION (9.7ms)[0m  [1m[36mcommit transaction[0m
  ↳ app/controllers/users_controller.rb:9:in `create'
Redirected to http://localhost:3001/dashboard
Completed 302 Found in 342ms (ActiveRecord: 13.2ms | Allocations: 3300)


Started GET "/dashboard" for ::1 at 2021-06-18 17:05:47 -0400
Processing by MlmcController#index as HTML
  Rendering layout layouts/application.html.erb
  Rendering mlmc/index.html.erb within layouts/application
  Rendered mlmc/index.html.erb within layouts/application (Duration: 0.2ms | Allocations: 38)
[Webpacker] Everything's up-to-date. Nothing to do
  Rendered layout layouts/application.html.erb (Duration: 50.4ms | Allocations: 3532)
Completed 200 OK in 53ms (Views: 51.9ms | ActiveRecord: 0.0ms | Allocations: 3999)


Started GET "/" for ::1 at 2021-06-18 17:05:51 -0400
Processing by UsersController#index as HTML
  Rendering layout layouts/application.html.erb
  Rendering users/index.html.erb within layouts/application
  Rendered users/index.html.erb within layouts/application (Duration: 1.9ms | Allocations: 101)
[Webpacker] Everything's up-to-date. Nothing to do
  Rendered layout layouts/application.html.erb (Duration: 59.1ms | Allocations: 3604)
Completed 200 OK in 61ms (Views: 60.1ms | ActiveRecord: 0.0ms | Allocations: 4071)


